<?xml version="1.0" encoding="UTF-8"?>
<robot generator="Robot 7.3.2 (Python 3.12.3 on linux)" generated="2025-11-10T12:47:21.479297" rpa="false" schemaversion="5">
<suite id="s1" name="Tests" source="/home/gabkodra/webcounter/src/tests">
<suite id="s1-s1" name="Increment" source="/home/gabkodra/webcounter/src/tests/increment.robot">
<kw name="Open And Configure Browser" owner="resource" type="SETUP">
<kw name="Set Selenium Speed" owner="SeleniumLibrary">
<arg>${DELAY}</arg>
<doc>Sets the delay that is waited after each Selenium command.</doc>
<status status="PASS" start="2025-11-10T12:47:21.628295" elapsed="0.000368"/>
</kw>
<kw name="Open Browser" owner="SeleniumLibrary">
<msg time="2025-11-10T12:47:21.629155" level="INFO">Opening browser 'chrome' to base url 'None'.</msg>
<arg>browser=${BROWSER}</arg>
<doc>Opens a new browser instance to the optional ``url``.</doc>
<status status="PASS" start="2025-11-10T12:47:21.628873" elapsed="0.645855"/>
</kw>
<status status="PASS" start="2025-11-10T12:47:21.627532" elapsed="0.647455"/>
</kw>
<test id="s1-s1-t1" name="At start the counter is zero" line="7">
<kw name="Go To" owner="SeleniumLibrary">
<msg time="2025-11-10T12:47:22.276348" level="INFO">Opening url 'http://localhost:5001'</msg>
<arg>${HOME_URL}</arg>
<doc>Navigates the current browser window to the provided ``url``.</doc>
<status status="PASS" start="2025-11-10T12:47:22.275957" elapsed="0.595644"/>
</kw>
<kw name="Title Should Be" owner="SeleniumLibrary">
<msg time="2025-11-10T12:47:23.383368" level="INFO">Page title is 'Laskuri'.</msg>
<arg>Laskuri</arg>
<doc>Verifies that the current page title equals ``title``.</doc>
<status status="PASS" start="2025-11-10T12:47:22.872314" elapsed="0.511525"/>
</kw>
<kw name="Page Should Contain" owner="SeleniumLibrary">
<msg time="2025-11-10T12:47:24.418637" level="INFO">Current page contains text 'nappia painettu 0 kertaa'.</msg>
<arg>nappia painettu 0 kertaa</arg>
<doc>Verifies that current page contains ``text``.</doc>
<status status="PASS" start="2025-11-10T12:47:23.384906" elapsed="1.034123"/>
</kw>
<status status="PASS" start="2025-11-10T12:47:22.275166" elapsed="2.145204"/>
</test>
<test id="s1-s1-t2" name="When button pressed twice the counter is two" line="12">
<kw name="Go To" owner="SeleniumLibrary">
<msg time="2025-11-10T12:47:24.422504" level="INFO">Opening url 'http://localhost:5001'</msg>
<arg>${HOME_URL}</arg>
<doc>Navigates the current browser window to the provided ``url``.</doc>
<status status="PASS" start="2025-11-10T12:47:24.422092" elapsed="0.549477"/>
</kw>
<kw name="Click Button" owner="SeleniumLibrary">
<msg time="2025-11-10T12:47:24.974524" level="INFO">Clicking button 'Paina'.</msg>
<arg>Paina</arg>
<doc>Clicks the button identified by ``locator``.</doc>
<status status="PASS" start="2025-11-10T12:47:24.972573" elapsed="2.160381"/>
</kw>
<kw name="Click Button" owner="SeleniumLibrary">
<msg time="2025-11-10T12:47:27.135419" level="INFO">Clicking button 'Paina'.</msg>
<arg>Paina</arg>
<doc>Clicks the button identified by ``locator``.</doc>
<status status="PASS" start="2025-11-10T12:47:27.134535" elapsed="2.140386"/>
</kw>
<kw name="Page Should Contain" owner="SeleniumLibrary">
<msg time="2025-11-10T12:47:30.308669" level="INFO">Current page contains text 'nappia painettu 2 kertaa'.</msg>
<arg>nappia painettu 2 kertaa</arg>
<doc>Verifies that current page contains ``text``.</doc>
<status status="PASS" start="2025-11-10T12:47:29.276019" elapsed="1.033075"/>
</kw>
<status status="PASS" start="2025-11-10T12:47:24.421286" elapsed="5.889129"/>
</test>
<kw name="Close Browser" owner="SeleniumLibrary" type="TEARDOWN">
<doc>Closes the current browser.</doc>
<status status="PASS" start="2025-11-10T12:47:30.312179" elapsed="0.594746"/>
</kw>
<status status="PASS" start="2025-11-10T12:47:21.503300" elapsed="9.403742"/>
</suite>
<suite id="s1-s2" name="Reset" source="/home/gabkodra/webcounter/src/tests/reset.robot">
<kw name="Open And Configure Browser" owner="resource" type="SETUP">
<kw name="Set Selenium Speed" owner="SeleniumLibrary">
<arg>${DELAY}</arg>
<doc>Sets the delay that is waited after each Selenium command.</doc>
<status status="PASS" start="2025-11-10T12:47:30.910945" elapsed="0.000474"/>
</kw>
<kw name="Open Browser" owner="SeleniumLibrary">
<msg time="2025-11-10T12:47:30.912046" level="INFO">Opening browser 'chrome' to base url 'None'.</msg>
<arg>browser=${BROWSER}</arg>
<doc>Opens a new browser instance to the optional ``url``.</doc>
<status status="PASS" start="2025-11-10T12:47:30.911681" elapsed="0.649515"/>
</kw>
<status status="PASS" start="2025-11-10T12:47:30.910425" elapsed="0.650999"/>
</kw>
<test id="s1-s2-t1" name="When counter has a nonzero value and it is reset the value becomes zero" line="7">
<kw name="Go To" owner="SeleniumLibrary">
<msg time="2025-11-10T12:47:31.562593" level="INFO">Opening url 'http://localhost:5001'</msg>
<arg>${HOME_URL}</arg>
<doc>Navigates the current browser window to the provided ``url``.</doc>
<status status="PASS" start="2025-11-10T12:47:31.562242" elapsed="0.603941"/>
</kw>
<kw name="Click Button" owner="SeleniumLibrary">
<msg time="2025-11-10T12:47:32.167603" level="INFO">Clicking button 'Nollaa'.</msg>
<arg>Nollaa</arg>
<doc>Clicks the button identified by ``locator``.</doc>
<status status="PASS" start="2025-11-10T12:47:32.167089" elapsed="2.159456"/>
</kw>
<kw name="Page Should Contain" owner="SeleniumLibrary">
<msg time="2025-11-10T12:47:35.360917" level="INFO">Current page contains text 'nappia painettu 0 kertaa'.</msg>
<arg>nappia painettu 0 kertaa</arg>
<doc>Verifies that current page contains ``text``.</doc>
<status status="PASS" start="2025-11-10T12:47:34.327536" elapsed="1.033868"/>
</kw>
<kw name="Click Button" owner="SeleniumLibrary">
<msg time="2025-11-10T12:47:35.362718" level="INFO">Clicking button 'Paina'.</msg>
<arg>Paina</arg>
<doc>Clicks the button identified by ``locator``.</doc>
<status status="PASS" start="2025-11-10T12:47:35.362104" elapsed="2.171976"/>
</kw>
<kw name="Click Button" owner="SeleniumLibrary">
<msg time="2025-11-10T12:47:37.535381" level="INFO">Clicking button 'Paina'.</msg>
<arg>Paina</arg>
<doc>Clicks the button identified by ``locator``.</doc>
<status status="PASS" start="2025-11-10T12:47:37.534793" elapsed="2.136877"/>
</kw>
<kw name="Page Should Contain" owner="SeleniumLibrary">
<msg time="2025-11-10T12:47:40.705228" level="INFO">Current page contains text 'nappia painettu 2 kertaa'.</msg>
<arg>nappia painettu 2 kertaa</arg>
<doc>Verifies that current page contains ``text``.</doc>
<status status="PASS" start="2025-11-10T12:47:39.672681" elapsed="1.033233"/>
</kw>
<kw name="Click Button" owner="SeleniumLibrary">
<msg time="2025-11-10T12:47:40.707162" level="INFO">Clicking button 'Nollaa'.</msg>
<arg>Nollaa</arg>
<doc>Clicks the button identified by ``locator``.</doc>
<status status="PASS" start="2025-11-10T12:47:40.706624" elapsed="2.136694"/>
</kw>
<kw name="Page Should Contain" owner="SeleniumLibrary">
<msg time="2025-11-10T12:47:43.867544" level="INFO">Current page contains text 'nappia painettu 0 kertaa'.</msg>
<arg>nappia painettu 0 kertaa</arg>
<doc>Verifies that current page contains ``text``.</doc>
<status status="PASS" start="2025-11-10T12:47:42.844689" elapsed="1.023155"/>
</kw>
<status status="PASS" start="2025-11-10T12:47:31.561562" elapsed="12.306793"/>
</test>
<kw name="Close Browser" owner="SeleniumLibrary" type="TEARDOWN">
<doc>Closes the current browser.</doc>
<status status="PASS" start="2025-11-10T12:47:43.869423" elapsed="0.560184"/>
</kw>
<status status="PASS" start="2025-11-10T12:47:30.907770" elapsed="13.522044"/>
</suite>
<status status="PASS" start="2025-11-10T12:47:21.480267" elapsed="22.951419"/>
</suite>
<statistics>
<total>
<stat pass="3" fail="0" skip="0">All Tests</stat>
</total>
<tag>
</tag>
<suite>
<stat name="Tests" id="s1" pass="3" fail="0" skip="0">Tests</stat>
<stat name="Increment" id="s1-s1" pass="2" fail="0" skip="0">Tests.Increment</stat>
<stat name="Reset" id="s1-s2" pass="1" fail="0" skip="0">Tests.Reset</stat>
</suite>
</statistics>
<errors>
</errors>
</robot>
